# JRE version: OpenJDK Runtime Environment (17.0.7) (build 17.0.7+0-b2043.56-10550314)
# Java VM: OpenJDK 64-Bit Server VM (17.0.7+0-b2043.56-10550314, mixed mode, tiered, compressed oops, compressed class ptrs, g1 gc, windows-amd64)
GC Precious Log:
 CPUs: 16 total, 16 available
 Memory: 15663M
 Large Page Support: Disabled
 NUMA Support: Disabled
 Compressed Oops: Enabled (32-bit)
 Heap Region Size: 1M
 Heap Min Capacity: 8M
 Heap Initial Capacity: 246M
 Heap Max Capacity: 2G
 Pre-touch: Disabled
 Parallel Workers: 13
 Concurrent Workers: 3
 Concurrent Refinement Workers: 13
 Periodic GC: Disabled
Heap:
 garbage-first heap   total 282624K, used 143563K [0x0000000080000000, 0x0000000100000000)
  region size 1024K, 10 young (10240K), 5 survivors (5120K)
 Metaspace       used 120741K, committed 121920K, reserved 1179648K
  class space    used 16130K, committed 16704K, reserved 1048576K
GC Heap History (20 events):
Event: 6.845 GC heap before
{Heap before GC invocations=43 (full 0):
 garbage-first heap   total 133120K, used 111640K [0x0000000080000000, 0x0000000100000000)
  region size 1024K, 33 young (33792K), 4 survivors (4096K)
 Metaspace       used 81822K, committed 82432K, reserved 1179648K
  class space    used 10914K, committed 11200K, reserved 1048576K
}
Event: 6.848 GC heap after
{Heap after GC invocations=44 (full 0):
 garbage-first heap   total 133120K, used 83660K [0x0000000080000000, 0x0000000100000000)
  region size 1024K, 5 young (5120K), 5 survivors (5120K)
 Metaspace       used 81822K, committed 82432K, reserved 1179648K
  class space    used 10914K, committed 11200K, reserved 1048576K
}
Event: 7.074 GC heap before
{Heap before GC invocations=44 (full 0):
 garbage-first heap   total 133120K, used 110284K [0x0000000080000000, 0x0000000100000000)
  region size 1024K, 32 young (32768K), 5 survivors (5120K)
 Metaspace       used 83980K, committed 84608K, reserved 1179648K
  class space    used 11365K, committed 11648K, reserved 1048576K
}
Event: 7.077 GC heap after
{Heap after GC invocations=45 (full 0):
 garbage-first heap   total 282624K, used 83087K [0x0000000080000000, 0x0000000100000000)
  region size 1024K, 1 young (1024K), 1 survivors (1024K)
 Metaspace       used 83980K, committed 84608K, reserved 1179648K
  class space    used 11365K, committed 11648K, reserved 1048576K
}
Event: 8.355 GC heap before
{Heap before GC invocations=45 (full 0):
 garbage-first heap   total 282624K, used 226447K [0x0000000080000000, 0x0000000100000000)
  region size 1024K, 142 young (145408K), 1 survivors (1024K)
 Metaspace       used 96324K, committed 96960K, reserved 1179648K
  class space    used 13184K, committed 13504K, reserved 1048576K
}
Event: 8.361 GC heap after
{Heap after GC invocations=46 (full 0):
 garbage-first heap   total 282624K, used 90565K [0x0000000080000000, 0x0000000100000000)
  region size 1024K, 9 young (9216K), 9 survivors (9216K)
 Metaspace       used 96324K, committed 96960K, reserved 1179648K
  class space    used 13184K, committed 13504K, reserved 1048576K
}
Event: 9.481 GC heap before
{Heap before GC invocations=46 (full 0):
 garbage-first heap   total 282624K, used 227781K [0x0000000080000000, 0x0000000100000000)
  region size 1024K, 139 young (142336K), 9 survivors (9216K)
 Metaspace       used 101869K, committed 102592K, reserved 1179648K
  class space    used 13987K, committed 14336K, reserved 1048576K
}
Event: 9.495 GC heap after
{Heap after GC invocations=47 (full 0):
 garbage-first heap   total 282624K, used 105727K [0x0000000080000000, 0x0000000100000000)
  region size 1024K, 18 young (18432K), 18 survivors (18432K)
 Metaspace       used 101869K, committed 102592K, reserved 1179648K
  class space    used 13987K, committed 14336K, reserved 1048576K
}
Event: 10.126 GC heap before
{Heap before GC invocations=47 (full 0):
 garbage-first heap   total 282624K, used 220415K [0x0000000080000000, 0x0000000100000000)
  region size 1024K, 131 young (134144K), 18 survivors (18432K)
 Metaspace       used 103083K, committed 103808K, reserved 1179648K
  class space    used 14075K, committed 14400K, reserved 1048576K
}
Event: 10.140 GC heap after
{Heap after GC invocations=48 (full 0):
 garbage-first heap   total 282624K, used 114416K [0x0000000080000000, 0x0000000100000000)
  region size 1024K, 9 young (9216K), 9 survivors (9216K)
 Metaspace       used 103083K, committed 103808K, reserved 1179648K
  class space    used 14075K, committed 14400K, reserved 1048576K
}
Event: 101.147 GC heap before
{Heap before GC invocations=48 (full 0):
 garbage-first heap   total 282624K, used 225008K [0x0000000080000000, 0x0000000100000000)
  region size 1024K, 118 young (120832K), 9 survivors (9216K)
 Metaspace       used 111119K, committed 111872K, reserved 1179648K
  class space    used 14929K, committed 15296K, reserved 1048576K
}
Event: 101.154 GC heap after
{Heap after GC invocations=49 (full 0):
 garbage-first heap   total 282624K, used 118465K [0x0000000080000000, 0x0000000100000000)
  region size 1024K, 13 young (13312K), 13 survivors (13312K)
 Metaspace       used 111119K, committed 111872K, reserved 1179648K
  class space    used 14929K, committed 15296K, reserved 1048576K
}
Event: 102.098 GC heap before
{Heap before GC invocations=49 (full 0):
 garbage-first heap   total 282624K, used 230081K [0x0000000080000000, 0x0000000100000000)
  region size 1024K, 122 young (124928K), 13 survivors (13312K)
 Metaspace       used 114952K, committed 115968K, reserved 1179648K
  class space    used 15406K, committed 15936K, reserved 1048576K
}
Event: 102.110 GC heap after
{Heap after GC invocations=50 (full 0):
 garbage-first heap   total 282624K, used 128050K [0x0000000080000000, 0x0000000100000000)
  region size 1024K, 15 young (15360K), 15 survivors (15360K)
 Metaspace       used 114952K, committed 115968K, reserved 1179648K
  class space    used 15406K, committed 15936K, reserved 1048576K
}
Event: 121.314 GC heap before
{Heap before GC invocations=50 (full 0):
 garbage-first heap   total 282624K, used 229426K [0x0000000080000000, 0x0000000100000000)
  region size 1024K, 114 young (116736K), 15 survivors (15360K)
 Metaspace       used 115859K, committed 116864K, reserved 1179648K
  class space    used 15480K, committed 16000K, reserved 1048576K
}
Event: 121.326 GC heap after
{Heap after GC invocations=51 (full 0):
 garbage-first heap   total 282624K, used 134500K [0x0000000080000000, 0x0000000100000000)
  region size 1024K, 8 young (8192K), 8 survivors (8192K)
 Metaspace       used 115859K, committed 116864K, reserved 1179648K
  class space    used 15480K, committed 16000K, reserved 1048576K
}
Event: 575.855 GC heap before
{Heap before GC invocations=51 (full 0):
 garbage-first heap   total 282624K, used 229732K [0x0000000080000000, 0x0000000100000000)
  region size 1024K, 102 young (104448K), 8 survivors (8192K)
 Metaspace       used 116352K, committed 117440K, reserved 1179648K
  class space    used 15515K, committed 16064K, reserved 1048576K
}
Event: 575.863 GC heap after
{Heap after GC invocations=52 (full 0):
 garbage-first heap   total 282624K, used 141483K [0x0000000080000000, 0x0000000100000000)
  region size 1024K, 8 young (8192K), 8 survivors (8192K)
 Metaspace       used 116352K, committed 117440K, reserved 1179648K
  class space    used 15515K, committed 16064K, reserved 1048576K
}
Event: 576.671 GC heap before
{Heap before GC invocations=52 (full 0):
 garbage-first heap   total 282624K, used 184491K [0x0000000080000000, 0x0000000100000000)
  region size 1024K, 52 young (53248K), 8 survivors (8192K)
 Metaspace       used 120440K, committed 121536K, reserved 1179648K
  class space    used 16080K, committed 16640K, reserved 1048576K
}
Event: 576.677 GC heap after
{Heap after GC invocations=53 (full 0):
 garbage-first heap   total 282624K, used 145611K [0x0000000080000000, 0x0000000100000000)
  region size 1024K, 5 young (5120K), 5 survivors (5120K)
 Metaspace       used 120440K, committed 121536K, reserved 1179648K
  class space    used 16080K, committed 16640K, reserved 1048576K
}

